        -:    0:Source:/home/zanzi/Documents/projects/binary_set/build/_deps/googlebenchmark-src/src/check.cc
        -:    0:Graph:build/_deps/googlebenchmark-build/src/CMakeFiles/benchmark.dir/check.cc.gcno
        -:    0:Data:build/_deps/googlebenchmark-build/src/CMakeFiles/benchmark.dir/check.cc.gcda
        -:    0:Runs:0
        -:    1:#include "check.h"
        -:    2:
        -:    3:namespace benchmark {
        -:    4:namespace internal {
        -:    5:
        -:    6:static AbortHandlerT* handler = &std::abort;
        -:    7:
function benchmark::internal::GetAbortHandler() called 0 returned 0% blocks executed 0%
    #####:    8:BENCHMARK_EXPORT AbortHandlerT*& GetAbortHandler() { return handler; }
        -:    9:
        -:   10:}  // namespace internal
        -:   11:}  // namespace benchmark
